<?xml version="1.0" encoding="UTF-8"?>
<testng-results skipped="0" failed="0" ignored="0" total="2" passed="2">
  <reporter-output>
  </reporter-output>
  <suite name="Suite" duration-ms="24058" started-at="2022-07-06T16:55:11 IST" finished-at="2022-07-06T16:55:35 IST">
    <groups>
    </groups>
    <test name="Test" duration-ms="11010" started-at="2022-07-06T16:55:11 IST" finished-at="2022-07-06T16:55:22 IST">
      <class name="com.LoginTest.Test_001">
        <test-method status="PASS" signature="setUp(java.lang.String)[pri:0, instance:com.LoginTest.Test_001@20ce78ec]" name="setUp" is-config="true" duration-ms="5590" started-at="2022-07-06T16:55:11 IST" finished-at="2022-07-06T16:55:16 IST">
          <params>
            <param index="0">
              <value>
                <![CDATA[Chrome]]>
              </value>
            </param>
          </params>
          <reporter-output>
          </reporter-output>
        </test-method> <!-- setUp -->
        <test-method status="PASS" signature="verifyLoginPage()[pri:0, instance:com.LoginTest.Test_001@20ce78ec]" name="verifyLoginPage" duration-ms="238" started-at="2022-07-06T16:55:16 IST" finished-at="2022-07-06T16:55:17 IST">
          <reporter-output>
          </reporter-output>
        </test-method> <!-- verifyLoginPage -->
        <test-method status="PASS" signature="tearDown()[pri:0, instance:com.LoginTest.Test_001@20ce78ec]" name="tearDown" is-config="true" duration-ms="4206" started-at="2022-07-06T16:55:18 IST" finished-at="2022-07-06T16:55:22 IST">
          <reporter-output>
          </reporter-output>
        </test-method> <!-- tearDown -->
      </class> <!-- com.LoginTest.Test_001 -->
    </test> <!-- Test -->
    <test name="Test_Edge" duration-ms="12755" started-at="2022-07-06T16:55:22 IST" finished-at="2022-07-06T16:55:35 IST">
      <class name="com.LoginTest.Test_001">
        <test-method status="PASS" signature="StartSetup()[pri:0, instance:com.LoginTest.Test_001@44ebcd03]" name="StartSetup" is-config="true" duration-ms="485" started-at="2022-07-06T16:55:10 IST" finished-at="2022-07-06T16:55:11 IST">
          <reporter-output>
          </reporter-output>
        </test-method> <!-- StartSetup -->
        <test-method status="PASS" signature="setUp(java.lang.String)[pri:0, instance:com.LoginTest.Test_001@44ebcd03]" name="setUp" is-config="true" duration-ms="8120" started-at="2022-07-06T16:55:22 IST" finished-at="2022-07-06T16:55:30 IST">
          <params>
            <param index="0">
              <value>
                <![CDATA[Edge]]>
              </value>
            </param>
          </params>
          <reporter-output>
          </reporter-output>
        </test-method> <!-- setUp -->
        <test-method status="PASS" signature="verifyLoginPage()[pri:0, instance:com.LoginTest.Test_001@44ebcd03]" name="verifyLoginPage" duration-ms="230" started-at="2022-07-06T16:55:30 IST" finished-at="2022-07-06T16:55:30 IST">
          <reporter-output>
          </reporter-output>
        </test-method> <!-- verifyLoginPage -->
        <test-method status="PASS" signature="tearDown()[pri:0, instance:com.LoginTest.Test_001@44ebcd03]" name="tearDown" is-config="true" duration-ms="4217" started-at="2022-07-06T16:55:31 IST" finished-at="2022-07-06T16:55:35 IST">
          <reporter-output>
          </reporter-output>
        </test-method> <!-- tearDown -->
      </class> <!-- com.LoginTest.Test_001 -->
    </test> <!-- Test_Edge -->
  </suite> <!-- Suite -->
</testng-results>
